<?xml version="1.0" encoding="UTF-8"?>
<!-- Generated by org.testng.reporters.JUnitXMLReporter -->
<testsuite hostname="cotv-devxd085" name="Test" tests="3" failures="1" timestamp="17 Aug 2018 06:17:20 GMT" time="78.807" errors="0">
  <testcase name="@AfterMethod AfterTest" time="0.0" classname="com.abc.testscript.TC001ValidateFormTestCase">
    <failure type="org.openqa.selenium.remote.UnreachableBrowserException" message="Error communicating with the remote browser. It may have died.
Build info: version: &amp;apos;unknown&amp;apos;, revision: &amp;apos;unknown&amp;apos;, time: &amp;apos;unknown&amp;apos;
System info: host: &amp;apos;cotv-devxd085&amp;apos;, ip: &amp;apos;10.130.6.55&amp;apos;, os.name: &amp;apos;Windows 7&amp;apos;, os.arch: &amp;apos;x86&amp;apos;, os.version: &amp;apos;6.1&amp;apos;, java.version: &amp;apos;1.8.0_25&amp;apos;
Driver info: driver.version: RemoteWebDriver">
      <![CDATA[org.openqa.selenium.remote.UnreachableBrowserException: Error communicating with the remote browser. It may have died.
Build info: version: 'unknown', revision: 'unknown', time: 'unknown'
System info: host: 'cotv-devxd085', ip: '10.130.6.55', os.name: 'Windows 7', os.arch: 'x86', os.version: '6.1', java.version: '1.8.0_25'
Driver info: driver.version: RemoteWebDriver
	at org.openqa.selenium.remote.RemoteWebDriver.execute(RemoteWebDriver.java:599)
	at org.openqa.selenium.remote.RemoteWebDriver.execute(RemoteWebDriver.java:628)
	at org.openqa.selenium.remote.RemoteWebDriver.quit(RemoteWebDriver.java:474)
	at com.abc.testscript.TC001ValidateFormTestCase.AfterTest(TC001ValidateFormTestCase.java:49)
Caused by: java.lang.RuntimeException: Process refused to die after 10 seconds, and couldn't taskkill it: Timeout waiting for process to die
	at org.openqa.selenium.os.ProcessUtils.killWinProcess(ProcessUtils.java:142)
	at org.openqa.selenium.os.ProcessUtils.killProcess(ProcessUtils.java:81)
	at org.openqa.selenium.os.UnixProcess$SeleniumWatchDog.destroyHarder(UnixProcess.java:248)
	at org.openqa.selenium.os.UnixProcess$SeleniumWatchDog.access$200(UnixProcess.java:200)
	at org.openqa.selenium.os.UnixProcess.destroy(UnixProcess.java:124)
	at org.openqa.selenium.os.CommandLine.destroy(CommandLine.java:153)
	at org.openqa.selenium.remote.service.DriverService.stop(DriverService.java:190)
	at org.openqa.selenium.remote.service.DriverCommandExecutor.execute(DriverCommandExecutor.java:79)
	at org.openqa.selenium.remote.RemoteWebDriver.execute(RemoteWebDriver.java:578)
	... 29 more
Caused by: org.openqa.selenium.os.ProcessUtils$ProcessStillAliveException: Timeout waiting for process to die
	at org.openqa.selenium.os.ProcessUtils.waitForProcessDeath(ProcessUtils.java:67)
	at org.openqa.selenium.os.ProcessUtils.killWinProcess(ProcessUtils.java:139)
	... 37 more
Caused by: java.lang.InterruptedException
	at java.lang.ProcessImpl.waitFor(Unknown Source)
	at org.openqa.selenium.os.ProcessUtils$ProcessWaiter.run(ProcessUtils.java:164)
	at java.lang.Thread.run(Unknown Source)
... Removed 26 stack frames]]>
    </failure>
  </testcase> <!-- @AfterMethod AfterTest -->
  <testcase name="@BeforeMethod Beforem" time="0.0" classname="com.abc.testscript.TC002MapSearchPage">
    <skipped/>
  </testcase> <!-- @BeforeMethod Beforem -->
  <testcase name="@BeforeMethod Beforem" time="0.0" classname="com.abc.testscript.TC002MapSearchPage">
    <skipped/>
  </testcase> <!-- @BeforeMethod Beforem -->
  <testcase name="FormValidationTest" time="53.381" classname="com.abc.testscript.TC001ValidateFormTestCase">
    <failure type="java.lang.AssertionError" message="First Name TextBox Not found expected [First Name TextBox Not found	] but found [First Name TextBox]">
      <![CDATA[java.lang.AssertionError: First Name TextBox Not found expected [First Name TextBox Not found	] but found [First Name TextBox]
	at com.abc.testscript.TC001ValidateFormTestCase.FormValidationTest(TC001ValidateFormTestCase.java:99)
... Removed 28 stack frames]]>
    </failure>
  </testcase> <!-- FormValidationTest -->
  <testcase name="SearchPageTest" time="0.002" classname="com.abc.testscript.TC002MapSearchPage">
    <skipped/>
  </testcase> <!-- SearchPageTest -->
  <testcase name="SearchPageTest" time="0.002" classname="com.abc.testscript.TC002MapSearchPage">
    <skipped/>
  </testcase> <!-- SearchPageTest -->
</testsuite> <!-- Test -->
