<?xml version="1.0" encoding="UTF-8"?>
<testng-results skipped="2" failed="1" total="3" passed="0">
  <reporter-output>
  </reporter-output>
  <suite name="Suite" duration-ms="78807" started-at="2018-08-17T06:16:01Z" finished-at="2018-08-17T06:17:20Z">
    <groups>
    </groups>
    <test name="Test" duration-ms="78807" started-at="2018-08-17T06:16:01Z" finished-at="2018-08-17T06:17:20Z">
      <class name="com.abc.testscript.TC002MapSearchPage">
        <test-method status="SKIP" signature="Beforem()[pri:0, instance:com.abc.testscript.TC002MapSearchPage@3a8624]" name="Beforem" is-config="true" duration-ms="0" started-at="2018-08-17T02:17:20Z" finished-at="2018-08-17T02:17:20Z">
          <reporter-output>
          </reporter-output>
        </test-method> <!-- Beforem -->
        <test-method status="SKIP" signature="SearchPageTest(com.abc.dataprovider.ExcelDataProviderObject)[pri:0, instance:com.abc.testscript.TC002MapSearchPage@3a8624]" name="SearchPageTest" duration-ms="2" started-at="2018-08-17T02:17:20Z" data-provider="getGoogleMapsData" finished-at="2018-08-17T02:17:20Z">
          <params>
            <param index="0">
              <value>
                <![CDATA[com.abc.dataprovider.ExcelDataProviderObject@1399441]]>
              </value>
            </param>
          </params>
          <reporter-output>
          </reporter-output>
        </test-method> <!-- SearchPageTest -->
        <test-method status="SKIP" signature="Beforem()[pri:0, instance:com.abc.testscript.TC002MapSearchPage@3a8624]" name="Beforem" is-config="true" duration-ms="0" started-at="2018-08-17T02:17:20Z" finished-at="2018-08-17T02:17:20Z">
          <reporter-output>
          </reporter-output>
        </test-method> <!-- Beforem -->
        <test-method status="PASS" signature="AfterTest()[pri:0, instance:com.abc.testscript.TC002MapSearchPage@3a8624]" name="AfterTest" is-config="true" duration-ms="0" started-at="2018-08-17T02:17:20Z" finished-at="2018-08-17T02:17:20Z">
          <reporter-output>
          </reporter-output>
        </test-method> <!-- AfterTest -->
        <test-method status="SKIP" signature="SearchPageTest(com.abc.dataprovider.ExcelDataProviderObject)[pri:0, instance:com.abc.testscript.TC002MapSearchPage@3a8624]" name="SearchPageTest" duration-ms="2" started-at="2018-08-17T02:17:20Z" data-provider="getGoogleMapsData" finished-at="2018-08-17T02:17:20Z">
          <params>
            <param index="0">
              <value>
                <![CDATA[com.abc.dataprovider.ExcelDataProviderObject@12b107]]>
              </value>
            </param>
          </params>
          <reporter-output>
          </reporter-output>
        </test-method> <!-- SearchPageTest -->
        <test-method status="PASS" signature="AfterTest()[pri:0, instance:com.abc.testscript.TC002MapSearchPage@3a8624]" name="AfterTest" is-config="true" duration-ms="0" started-at="2018-08-17T02:17:20Z" finished-at="2018-08-17T02:17:20Z">
          <reporter-output>
          </reporter-output>
        </test-method> <!-- AfterTest -->
      </class> <!-- com.abc.testscript.TC002MapSearchPage -->
      <class name="com.abc.testscript.TC001ValidateFormTestCase">
        <test-method status="PASS" signature="Beforem()[pri:0, instance:com.abc.testscript.TC001ValidateFormTestCase@1baeedf]" name="Beforem" is-config="true" duration-ms="5129" started-at="2018-08-17T02:16:01Z" finished-at="2018-08-17T02:16:06Z">
          <reporter-output>
          </reporter-output>
        </test-method> <!-- Beforem -->
        <test-method status="PASS" signature="BeforeTest()[pri:0, instance:com.abc.testscript.TC001ValidateFormTestCase@1baeedf]" name="BeforeTest" is-config="true" duration-ms="7870" started-at="2018-08-17T02:16:06Z" finished-at="2018-08-17T02:16:14Z">
          <reporter-output>
          </reporter-output>
        </test-method> <!-- BeforeTest -->
        <test-method status="FAIL" signature="FormValidationTest()[pri:0, instance:com.abc.testscript.TC001ValidateFormTestCase@1baeedf]" name="FormValidationTest" duration-ms="53381" started-at="2018-08-17T02:16:14Z" finished-at="2018-08-17T02:17:07Z">
          <exception class="java.lang.AssertionError">
            <message>
              <![CDATA[First Name TextBox Not found expected [First Name TextBox Not found	] but found [First Name TextBox]]]>
            </message>
            <full-stacktrace>
              <![CDATA[java.lang.AssertionError: First Name TextBox Not found expected [First Name TextBox Not found	] but found [First Name TextBox]
	at org.testng.Assert.fail(Assert.java:94)
	at org.testng.Assert.failNotEquals(Assert.java:494)
	at org.testng.Assert.assertEquals(Assert.java:123)
	at org.testng.Assert.assertEquals(Assert.java:176)
	at com.abc.testscript.TC001ValidateFormTestCase.FormValidationTest(TC001ValidateFormTestCase.java:99)
	at sun.reflect.NativeMethodAccessorImpl.invoke0(Native Method)
	at sun.reflect.NativeMethodAccessorImpl.invoke(Unknown Source)
	at sun.reflect.DelegatingMethodAccessorImpl.invoke(Unknown Source)
	at java.lang.reflect.Method.invoke(Unknown Source)
	at org.testng.internal.MethodInvocationHelper.invokeMethod(MethodInvocationHelper.java:84)
	at org.testng.internal.Invoker.invokeMethod(Invoker.java:714)
	at org.testng.internal.Invoker.invokeTestMethod(Invoker.java:901)
	at org.testng.internal.Invoker.invokeTestMethods(Invoker.java:1231)
	at org.testng.internal.TestMethodWorker.invokeTestMethods(TestMethodWorker.java:127)
	at org.testng.internal.TestMethodWorker.run(TestMethodWorker.java:111)
	at org.testng.TestRunner.privateRun(TestRunner.java:767)
	at org.testng.TestRunner.run(TestRunner.java:617)
	at org.testng.SuiteRunner.runTest(SuiteRunner.java:334)
	at org.testng.SuiteRunner.runSequentially(SuiteRunner.java:329)
	at org.testng.SuiteRunner.privateRun(SuiteRunner.java:291)
	at org.testng.SuiteRunner.run(SuiteRunner.java:240)
	at org.testng.SuiteRunnerWorker.runSuite(SuiteRunnerWorker.java:52)
	at org.testng.SuiteRunnerWorker.run(SuiteRunnerWorker.java:86)
	at org.testng.TestNG.runSuitesSequentially(TestNG.java:1224)
	at org.testng.TestNG.runSuitesLocally(TestNG.java:1149)
	at org.testng.TestNG.run(TestNG.java:1057)
	at org.testng.remote.AbstractRemoteTestNG.run(AbstractRemoteTestNG.java:114)
	at org.testng.remote.RemoteTestNG.initAndRun(RemoteTestNG.java:251)
	at org.testng.remote.RemoteTestNG.main(RemoteTestNG.java:77)
]]>
            </full-stacktrace>
          </exception> <!-- java.lang.AssertionError -->
          <reporter-output>
          </reporter-output>
        </test-method> <!-- FormValidationTest -->
        <test-method status="FAIL" signature="AfterTest()[pri:0, instance:com.abc.testscript.TC001ValidateFormTestCase@1baeedf]" name="AfterTest" is-config="true" duration-ms="0" started-at="2018-08-17T02:17:07Z" finished-at="2018-08-17T02:17:07Z">
          <exception class="org.openqa.selenium.remote.UnreachableBrowserException">
            <message>
              <![CDATA[Error communicating with the remote browser. It may have died.
Build info: version: 'unknown', revision: 'unknown', time: 'unknown'
System info: host: 'cotv-devxd085', ip: '10.130.6.55', os.name: 'Windows 7', os.arch: 'x86', os.version: '6.1', java.version: '1.8.0_25'
Driver info: driver.version: RemoteWebDriver]]>
            </message>
            <full-stacktrace>
              <![CDATA[org.openqa.selenium.remote.UnreachableBrowserException: Error communicating with the remote browser. It may have died.
Build info: version: 'unknown', revision: 'unknown', time: 'unknown'
System info: host: 'cotv-devxd085', ip: '10.130.6.55', os.name: 'Windows 7', os.arch: 'x86', os.version: '6.1', java.version: '1.8.0_25'
Driver info: driver.version: RemoteWebDriver
	at org.openqa.selenium.remote.RemoteWebDriver.execute(RemoteWebDriver.java:599)
	at org.openqa.selenium.remote.RemoteWebDriver.execute(RemoteWebDriver.java:628)
	at org.openqa.selenium.remote.RemoteWebDriver.quit(RemoteWebDriver.java:474)
	at com.abc.testscript.TC001ValidateFormTestCase.AfterTest(TC001ValidateFormTestCase.java:49)
	at sun.reflect.NativeMethodAccessorImpl.invoke0(Native Method)
	at sun.reflect.NativeMethodAccessorImpl.invoke(Unknown Source)
	at sun.reflect.DelegatingMethodAccessorImpl.invoke(Unknown Source)
	at java.lang.reflect.Method.invoke(Unknown Source)
	at org.testng.internal.MethodInvocationHelper.invokeMethod(MethodInvocationHelper.java:84)
	at org.testng.internal.Invoker.invokeConfigurationMethod(Invoker.java:564)
	at org.testng.internal.Invoker.invokeConfigurations(Invoker.java:213)
	at org.testng.internal.Invoker.invokeMethod(Invoker.java:786)
	at org.testng.internal.Invoker.invokeTestMethod(Invoker.java:901)
	at org.testng.internal.Invoker.invokeTestMethods(Invoker.java:1231)
	at org.testng.internal.TestMethodWorker.invokeTestMethods(TestMethodWorker.java:127)
	at org.testng.internal.TestMethodWorker.run(TestMethodWorker.java:111)
	at org.testng.TestRunner.privateRun(TestRunner.java:767)
	at org.testng.TestRunner.run(TestRunner.java:617)
	at org.testng.SuiteRunner.runTest(SuiteRunner.java:334)
	at org.testng.SuiteRunner.runSequentially(SuiteRunner.java:329)
	at org.testng.SuiteRunner.privateRun(SuiteRunner.java:291)
	at org.testng.SuiteRunner.run(SuiteRunner.java:240)
	at org.testng.SuiteRunnerWorker.runSuite(SuiteRunnerWorker.java:52)
	at org.testng.SuiteRunnerWorker.run(SuiteRunnerWorker.java:86)
	at org.testng.TestNG.runSuitesSequentially(TestNG.java:1224)
	at org.testng.TestNG.runSuitesLocally(TestNG.java:1149)
	at org.testng.TestNG.run(TestNG.java:1057)
	at org.testng.remote.AbstractRemoteTestNG.run(AbstractRemoteTestNG.java:114)
	at org.testng.remote.RemoteTestNG.initAndRun(RemoteTestNG.java:251)
	at org.testng.remote.RemoteTestNG.main(RemoteTestNG.java:77)
Caused by: java.lang.RuntimeException: Process refused to die after 10 seconds, and couldn't taskkill it: Timeout waiting for process to die
	at org.openqa.selenium.os.ProcessUtils.killWinProcess(ProcessUtils.java:142)
	at org.openqa.selenium.os.ProcessUtils.killProcess(ProcessUtils.java:81)
	at org.openqa.selenium.os.UnixProcess$SeleniumWatchDog.destroyHarder(UnixProcess.java:248)
	at org.openqa.selenium.os.UnixProcess$SeleniumWatchDog.access$200(UnixProcess.java:200)
	at org.openqa.selenium.os.UnixProcess.destroy(UnixProcess.java:124)
	at org.openqa.selenium.os.CommandLine.destroy(CommandLine.java:153)
	at org.openqa.selenium.remote.service.DriverService.stop(DriverService.java:190)
	at org.openqa.selenium.remote.service.DriverCommandExecutor.execute(DriverCommandExecutor.java:79)
	at org.openqa.selenium.remote.RemoteWebDriver.execute(RemoteWebDriver.java:578)
	... 29 more
Caused by: org.openqa.selenium.os.ProcessUtils$ProcessStillAliveException: Timeout waiting for process to die
	at org.openqa.selenium.os.ProcessUtils.waitForProcessDeath(ProcessUtils.java:67)
	at org.openqa.selenium.os.ProcessUtils.killWinProcess(ProcessUtils.java:139)
	... 37 more
Caused by: java.lang.InterruptedException
	at java.lang.ProcessImpl.waitFor(Unknown Source)
	at org.openqa.selenium.os.ProcessUtils$ProcessWaiter.run(ProcessUtils.java:164)
	at java.lang.Thread.run(Unknown Source)
]]>
            </full-stacktrace>
          </exception> <!-- org.openqa.selenium.remote.UnreachableBrowserException -->
          <reporter-output>
          </reporter-output>
        </test-method> <!-- AfterTest -->
      </class> <!-- com.abc.testscript.TC001ValidateFormTestCase -->
    </test> <!-- Test -->
  </suite> <!-- Suite -->
</testng-results>
